<?xml version="1.0" encoding="UTF-8"?>
<!-- Generated by org.testng.reporters.JUnitReportReporter -->
<testsuite hostname="ASSELVAM-WS01" name="APITesting.com.org.api.JsonServerRequests" tests="1" failures="0" timestamp="3 Sep 2019 08:55:40 GMT" time="2.244" errors="0">
  <testcase name="Test_08" time="2.244" classname="APITesting.com.org.api.JsonServerRequests"/>
</testsuite> <!-- APITesting.com.org.api.JsonServerRequests -->
